<?xml version="1.0" encoding="UTF-8"?>
<testng-results ignored="0" total="1" passed="1" failed="0" skipped="0">
  <reporter-output>
  </reporter-output>
  <suite started-at="2023-02-20T00:58:07 CST" name="Default suite" finished-at="2023-02-20T00:58:15 CST" duration-ms="8236">
    <groups>
    </groups>
    <test started-at="2023-02-20T00:58:07 CST" name="Default test" finished-at="2023-02-20T00:58:15 CST" duration-ms="8236">
      <class name="test.MonthDropDownTest">
        <test-method signature="validateMonthDropDownHasAllMonths()[pri:0, instance:test.MonthDropDownTest@2e55dd0c]" started-at="2023-02-20T00:58:07 CST" name="validateMonthDropDownHasAllMonths" finished-at="2023-02-20T00:58:15 CST" duration-ms="8190" status="PASS">
          <reporter-output>
          </reporter-output>
        </test-method> <!-- validateMonthDropDownHasAllMonths -->
      </class> <!-- test.MonthDropDownTest -->
    </test> <!-- Default test -->
  </suite> <!-- Default suite -->
</testng-results>
